{"C:\\Users\\tritr\\product-admin-system\\backend\\src\\app.ts": {"path":"C:\\Users\\tritr\\product-admin-system\\backend\\src\\app.ts","statementMap":{"0":{"start":{"line":1,"column":0},"end":{"line":1,"column":30}},"1":{"start":{"line":2,"column":0},"end":{"line":2,"column":24}},"2":{"start":{"line":3,"column":0},"end":{"line":3,"column":28}},"3":{"start":{"line":4,"column":0},"end":{"line":4,"column":28}},"4":{"start":{"line":5,"column":0},"end":{"line":5,"column":62}},"5":{"start":{"line":6,"column":0},"end":{"line":6,"column":62}},"6":{"start":{"line":7,"column":0},"end":{"line":7,"column":52}},"7":{"start":{"line":8,"column":0},"end":{"line":8,"column":66}},"8":{"start":{"line":10,"column":12},"end":{"line":10,"column":21}},"9":{"start":{"line":13,"column":0},"end":{"line":13,"column":18}},"10":{"start":{"line":14,"column":0},"end":{"line":14,"column":51}},"11":{"start":{"line":17,"column":0},"end":{"line":17,"column":23}},"12":{"start":{"line":20,"column":0},"end":{"line":20,"column":24}},"13":{"start":{"line":21,"column":0},"end":{"line":21,"column":48}},"14":{"start":{"line":24,"column":0},"end":{"line":24,"column":47}},"15":{"start":{"line":26,"column":19},"end":{"line":26,"column":54}},"16":{"start":{"line":27,"column":0},"end":{"line":27,"column":47}},"17":{"start":{"line":28,"column":0},"end":{"line":28,"column":42}},"18":{"start":{"line":29,"column":0},"end":{"line":29,"column":49}},"19":{"start":{"line":30,"column":0},"end":{"line":30,"column":52}},"20":{"start":{"line":33,"column":0},"end":{"line":35,"column":3}},"21":{"start":{"line":34,"column":2},"end":{"line":34,"column":66}},"22":{"start":{"line":38,"column":0},"end":{"line":40,"column":3}},"23":{"start":{"line":39,"column":2},"end":{"line":39,"column":38}},"24":{"start":{"line":43,"column":0},"end":{"line":48,"column":3}},"25":{"start":{"line":44,"column":2},"end":{"line":47,"column":5}},"26":{"start":{"line":51,"column":0},"end":{"line":51,"column":22}},"27":{"start":{"line":52,"column":0},"end":{"line":52,"column":19}}},"fnMap":{"0":{"name":"(anonymous_1)","decl":{"start":{"line":33,"column":32},"end":{"line":33,"column":33}},"loc":{"start":{"line":33,"column":46},"end":{"line":35,"column":1}}},"1":{"name":"(anonymous_2)","decl":{"start":{"line":38,"column":13},"end":{"line":38,"column":14}},"loc":{"start":{"line":38,"column":27},"end":{"line":40,"column":1}}},"2":{"name":"(anonymous_3)","decl":{"start":{"line":43,"column":8},"end":{"line":43,"column":9}},"loc":{"start":{"line":43,"column":22},"end":{"line":48,"column":1}}}},"branchMap":{"0":{"loc":{"start":{"line":26,"column":19},"end":{"line":26,"column":54}},"type":"binary-expr","locations":[{"start":{"line":26,"column":19},"end":{"line":26,"column":41}},{"start":{"line":26,"column":45},"end":{"line":26,"column":54}}]}},"s":{"0":1,"1":1,"2":1,"3":1,"4":1,"5":1,"6":1,"7":1,"8":1,"9":1,"10":1,"11":1,"12":1,"13":1,"14":1,"15":1,"16":1,"17":1,"18":1,"19":1,"20":1,"21":0,"22":1,"23":0,"24":1,"25":0,"26":1,"27":1},"f":{"0":0,"1":0,"2":0},"b":{"0":[1,1]}}
,"C:\\Users\\tritr\\product-admin-system\\backend\\src\\middlewares\\auth.middleware.ts": {"path":"C:\\Users\\tritr\\product-admin-system\\backend\\src\\middlewares\\auth.middleware.ts","statementMap":{"0":{"start":{"line":2,"column":0},"end":{"line":2,"column":31}},"1":{"start":{"line":3,"column":0},"end":{"line":3,"column":47}},"2":{"start":{"line":13,"column":30},"end":{"line":37,"column":1}},"3":{"start":{"line":18,"column":4},"end":{"line":36,"column":3}},"4":{"start":{"line":19,"column":18},"end":{"line":19,"column":58}},"5":{"start":{"line":21,"column":4},"end":{"line":23,"column":5}},"6":{"start":{"line":22,"column":6},"end":{"line":22,"column":58}},"7":{"start":{"line":25,"column":20},"end":{"line":25,"column":69}},"8":{"start":{"line":26,"column":4},"end":{"line":26,"column":23}},"9":{"start":{"line":27,"column":4},"end":{"line":27,"column":11}},"10":{"start":{"line":29,"column":4},"end":{"line":35,"column":5}},"11":{"start":{"line":30,"column":6},"end":{"line":30,"column":47}},"12":{"start":{"line":31,"column":11},"end":{"line":35,"column":5}},"13":{"start":{"line":32,"column":6},"end":{"line":32,"column":47}},"14":{"start":{"line":34,"column":6},"end":{"line":34,"column":18}},"15":{"start":{"line":13,"column":13},"end":{"line":13,"column":30}},"16":{"start":{"line":39,"column":25},"end":{"line":46,"column":1}},"17":{"start":{"line":40,"column":2},"end":{"line":45,"column":4}},"18":{"start":{"line":41,"column":4},"end":{"line":43,"column":5}},"19":{"start":{"line":42,"column":6},"end":{"line":42,"column":58}},"20":{"start":{"line":44,"column":4},"end":{"line":44,"column":11}},"21":{"start":{"line":39,"column":13},"end":{"line":39,"column":25}}},"fnMap":{"0":{"name":"(anonymous_1)","decl":{"start":{"line":13,"column":30},"end":{"line":13,"column":null}},"loc":{"start":{"line":17,"column":4},"end":{"line":37,"column":1}}},"1":{"name":"(anonymous_2)","decl":{"start":{"line":39,"column":25},"end":{"line":39,"column":26}},"loc":{"start":{"line":39,"column":48},"end":{"line":46,"column":1}}},"2":{"name":"(anonymous_3)","decl":{"start":{"line":40,"column":9},"end":{"line":40,"column":10}},"loc":{"start":{"line":40,"column":66},"end":{"line":45,"column":3}}}},"branchMap":{"0":{"loc":{"start":{"line":21,"column":4},"end":{"line":23,"column":5}},"type":"if","locations":[{"start":{"line":21,"column":4},"end":{"line":23,"column":5}},{"start":{},"end":{}}]},"1":{"loc":{"start":{"line":29,"column":4},"end":{"line":35,"column":5}},"type":"if","locations":[{"start":{"line":29,"column":4},"end":{"line":35,"column":5}},{"start":{"line":31,"column":11},"end":{"line":35,"column":5}}]},"2":{"loc":{"start":{"line":31,"column":11},"end":{"line":35,"column":5}},"type":"if","locations":[{"start":{"line":31,"column":11},"end":{"line":35,"column":5}},{"start":{"line":33,"column":11},"end":{"line":35,"column":5}}]},"3":{"loc":{"start":{"line":41,"column":4},"end":{"line":43,"column":5}},"type":"if","locations":[{"start":{"line":41,"column":4},"end":{"line":43,"column":5}},{"start":{},"end":{}}]},"4":{"loc":{"start":{"line":41,"column":8},"end":{"line":41,"column":51}},"type":"binary-expr","locations":[{"start":{"line":41,"column":8},"end":{"line":41,"column":17}},{"start":{"line":41,"column":21},"end":{"line":41,"column":51}}]}},"s":{"0":1,"1":1,"2":1,"3":3,"4":3,"5":3,"6":1,"7":2,"8":2,"9":2,"10":1,"11":0,"12":1,"13":0,"14":1,"15":1,"16":1,"17":0,"18":0,"19":0,"20":0,"21":1},"f":{"0":3,"1":0,"2":0},"b":{"0":[1,2],"1":[0,1],"2":[0,1],"3":[0,0],"4":[0,0]}}
,"C:\\Users\\tritr\\product-admin-system\\backend\\src\\middlewares\\error.middleware.ts": {"path":"C:\\Users\\tritr\\product-admin-system\\backend\\src\\middlewares\\error.middleware.ts","statementMap":{"0":{"start":{"line":2,"column":0},"end":{"line":2,"column":47}},"1":{"start":{"line":4,"column":28},"end":{"line":42,"column":1}},"2":{"start":{"line":10,"column":2},"end":{"line":16,"column":3}},"3":{"start":{"line":11,"column":4},"end":{"line":15,"column":7}},"4":{"start":{"line":19,"column":2},"end":{"line":25,"column":3}},"5":{"start":{"line":20,"column":4},"end":{"line":24,"column":7}},"6":{"start":{"line":28,"column":2},"end":{"line":33,"column":3}},"7":{"start":{"line":29,"column":4},"end":{"line":32,"column":7}},"8":{"start":{"line":36,"column":2},"end":{"line":36,"column":33}},"9":{"start":{"line":37,"column":2},"end":{"line":41,"column":5}},"10":{"start":{"line":4,"column":13},"end":{"line":4,"column":28}}},"fnMap":{"0":{"name":"(anonymous_0)","decl":{"start":{"line":4,"column":28},"end":{"line":4,"column":null}},"loc":{"start":{"line":9,"column":4},"end":{"line":42,"column":1}}}},"branchMap":{"0":{"loc":{"start":{"line":10,"column":2},"end":{"line":16,"column":3}},"type":"if","locations":[{"start":{"line":10,"column":2},"end":{"line":16,"column":3}},{"start":{},"end":{}}]},"1":{"loc":{"start":{"line":14,"column":10},"end":{"line":14,"column":72}},"type":"binary-expr","locations":[{"start":{"line":14,"column":10},"end":{"line":14,"column":48}},{"start":{"line":14,"column":52},"end":{"line":14,"column":72}}]},"2":{"loc":{"start":{"line":19,"column":2},"end":{"line":25,"column":3}},"type":"if","locations":[{"start":{"line":19,"column":2},"end":{"line":25,"column":3}},{"start":{},"end":{}}]},"3":{"loc":{"start":{"line":28,"column":2},"end":{"line":33,"column":3}},"type":"if","locations":[{"start":{"line":28,"column":2},"end":{"line":33,"column":3}},{"start":{},"end":{}}]},"4":{"loc":{"start":{"line":28,"column":6},"end":{"line":28,"column":68}},"type":"binary-expr","locations":[{"start":{"line":28,"column":6},"end":{"line":28,"column":37}},{"start":{"line":28,"column":42},"end":{"line":28,"column":68}}]},"5":{"loc":{"start":{"line":40,"column":8},"end":{"line":40,"column":70}},"type":"binary-expr","locations":[{"start":{"line":40,"column":8},"end":{"line":40,"column":46}},{"start":{"line":40,"column":50},"end":{"line":40,"column":70}}]}},"s":{"0":1,"1":1,"2":1,"3":1,"4":0,"5":0,"6":0,"7":0,"8":0,"9":0,"10":1},"f":{"0":1},"b":{"0":[1,0],"1":[1,0],"2":[0,0],"3":[0,0],"4":[0,0],"5":[0,0]}}
,"C:\\Users\\tritr\\product-admin-system\\backend\\src\\middlewares\\validation.middleware.ts": {"path":"C:\\Users\\tritr\\product-admin-system\\backend\\src\\middlewares\\validation.middleware.ts","statementMap":{"0":{"start":{"line":3,"column":0},"end":{"line":3,"column":47}},"1":{"start":{"line":5,"column":31},"end":{"line":27,"column":1}},"2":{"start":{"line":6,"column":4},"end":{"line":26,"column":null}},"3":{"start":{"line":7,"column":33},"end":{"line":10,"column":10}},"4":{"start":{"line":12,"column":8},"end":{"line":22,"column":9}},"5":{"start":{"line":13,"column":27},"end":{"line":16,"column":15}},"6":{"start":{"line":13,"column":58},"end":{"line":16,"column":14}},"7":{"start":{"line":18,"column":12},"end":{"line":21,"column":14}},"8":{"start":{"line":24,"column":8},"end":{"line":24,"column":25}},"9":{"start":{"line":25,"column":8},"end":{"line":25,"column":15}},"10":{"start":{"line":5,"column":13},"end":{"line":5,"column":31}}},"fnMap":{"0":{"name":"(anonymous_0)","decl":{"start":{"line":5,"column":31},"end":{"line":5,"column":32}},"loc":{"start":{"line":5,"column":60},"end":{"line":27,"column":1}}},"1":{"name":"(anonymous_1)","decl":{"start":{"line":6,"column":11},"end":{"line":6,"column":12}},"loc":{"start":{"line":6,"column":64},"end":{"line":26,"column":5}}},"2":{"name":"(anonymous_2)","decl":{"start":{"line":13,"column":45},"end":{"line":13,"column":46}},"loc":{"start":{"line":13,"column":58},"end":{"line":16,"column":14}}}},"branchMap":{"0":{"loc":{"start":{"line":12,"column":8},"end":{"line":22,"column":9}},"type":"if","locations":[{"start":{"line":12,"column":8},"end":{"line":22,"column":9}},{"start":{},"end":{}}]}},"s":{"0":1,"1":1,"2":4,"3":2,"4":2,"5":0,"6":0,"7":0,"8":2,"9":2,"10":1},"f":{"0":4,"1":2,"2":0},"b":{"0":[0,2]}}
,"C:\\Users\\tritr\\product-admin-system\\backend\\src\\modules\\auth\\auth.controller.ts": {"path":"C:\\Users\\tritr\\product-admin-system\\backend\\src\\modules\\auth\\auth.controller.ts","statementMap":{"0":{"start":{"line":2,"column":0},"end":{"line":2,"column":45}},"1":{"start":{"line":11,"column":2},"end":{"line":22,"column":4}},"2":{"start":{"line":12,"column":4},"end":{"line":21,"column":5}},"3":{"start":{"line":13,"column":21},"end":{"line":13,"column":62}},"4":{"start":{"line":14,"column":6},"end":{"line":18,"column":9}},"5":{"start":{"line":20,"column":6},"end":{"line":20,"column":18}},"6":{"start":{"line":24,"column":2},"end":{"line":36,"column":4}},"7":{"start":{"line":25,"column":4},"end":{"line":35,"column":5}},"8":{"start":{"line":26,"column":34},"end":{"line":26,"column":42}},"9":{"start":{"line":27,"column":21},"end":{"line":27,"column":66}},"10":{"start":{"line":28,"column":6},"end":{"line":32,"column":9}},"11":{"start":{"line":34,"column":6},"end":{"line":34,"column":18}},"12":{"start":{"line":38,"column":2},"end":{"line":49,"column":4}},"13":{"start":{"line":39,"column":4},"end":{"line":48,"column":5}},"14":{"start":{"line":40,"column":31},"end":{"line":40,"column":39}},"15":{"start":{"line":41,"column":21},"end":{"line":41,"column":70}},"16":{"start":{"line":42,"column":6},"end":{"line":45,"column":9}},"17":{"start":{"line":47,"column":6},"end":{"line":47,"column":18}},"18":{"start":{"line":8,"column":4},"end":{"line":8,"column":41}},"19":{"start":{"line":4,"column":0},"end":{"line":4,"column":13}}},"fnMap":{"0":{"name":"(anonymous_0)","decl":{"start":{"line":7,"column":2},"end":{"line":7,"column":null}},"loc":{"start":{"line":7,"column":2},"end":{"line":9,"column":3}}},"1":{"name":"(anonymous_1)","decl":{"start":{"line":11,"column":13},"end":{"line":11,"column":18}},"loc":{"start":{"line":11,"column":71},"end":{"line":22,"column":3}}},"2":{"name":"(anonymous_2)","decl":{"start":{"line":24,"column":10},"end":{"line":24,"column":15}},"loc":{"start":{"line":24,"column":68},"end":{"line":36,"column":3}}},"3":{"name":"(anonymous_3)","decl":{"start":{"line":38,"column":17},"end":{"line":38,"column":22}},"loc":{"start":{"line":38,"column":75},"end":{"line":49,"column":3}}}},"branchMap":{},"s":{"0":1,"1":1,"2":0,"3":0,"4":0,"5":0,"6":1,"7":1,"8":1,"9":1,"10":1,"11":0,"12":1,"13":0,"14":0,"15":0,"16":0,"17":0,"18":1,"19":1},"f":{"0":1,"1":0,"2":1,"3":0},"b":{}}
,"C:\\Users\\tritr\\product-admin-system\\backend\\src\\modules\\auth\\auth.routes.ts": {"path":"C:\\Users\\tritr\\product-admin-system\\backend\\src\\modules\\auth\\auth.routes.ts","statementMap":{"0":{"start":{"line":1,"column":0},"end":{"line":1,"column":33}},"1":{"start":{"line":2,"column":0},"end":{"line":2,"column":51}},"2":{"start":{"line":3,"column":0},"end":{"line":3,"column":74}},"3":{"start":{"line":4,"column":0},"end":{"line":4,"column":22}},"4":{"start":{"line":6,"column":15},"end":{"line":6,"column":23}},"5":{"start":{"line":7,"column":23},"end":{"line":7,"column":43}},"6":{"start":{"line":9,"column":20},"end":{"line":12,"column":2}},"7":{"start":{"line":14,"column":23},"end":{"line":18,"column":2}},"8":{"start":{"line":20,"column":0},"end":{"line":24,"column":2}},"9":{"start":{"line":26,"column":0},"end":{"line":26,"column":74}},"10":{"start":{"line":27,"column":0},"end":{"line":27,"column":53}},"11":{"start":{"line":29,"column":0},"end":{"line":29,"column":34}},"12":{"start":{"line":31,"column":0},"end":{"line":31,"column":22}}},"fnMap":{},"branchMap":{},"s":{"0":1,"1":1,"2":1,"3":1,"4":1,"5":1,"6":1,"7":1,"8":1,"9":1,"10":1,"11":1,"12":1},"f":{},"b":{}}
,"C:\\Users\\tritr\\product-admin-system\\backend\\src\\modules\\auth\\auth.service.ts": {"path":"C:\\Users\\tritr\\product-admin-system\\backend\\src\\modules\\auth\\auth.service.ts","statementMap":{"0":{"start":{"line":1,"column":0},"end":{"line":1,"column":30}},"1":{"start":{"line":2,"column":0},"end":{"line":2,"column":31}},"2":{"start":{"line":3,"column":0},"end":{"line":3,"column":43}},"3":{"start":{"line":4,"column":0},"end":{"line":4,"column":50}},"4":{"start":{"line":14,"column":25},"end":{"line":14,"column":66}},"5":{"start":{"line":15,"column":4},"end":{"line":17,"column":5}},"6":{"start":{"line":16,"column":6},"end":{"line":16,"column":54}},"7":{"start":{"line":19,"column":27},"end":{"line":19,"column":63}},"8":{"start":{"line":20,"column":17},"end":{"line":23,"column":6}},"9":{"start":{"line":25,"column":19},"end":{"line":29,"column":6}},"10":{"start":{"line":31,"column":4},"end":{"line":31,"column":28}},"11":{"start":{"line":35,"column":17},"end":{"line":35,"column":66}},"12":{"start":{"line":37,"column":4},"end":{"line":39,"column":5}},"13":{"start":{"line":38,"column":6},"end":{"line":38,"column":53}},"14":{"start":{"line":41,"column":28},"end":{"line":41,"column":73}},"15":{"start":{"line":42,"column":4},"end":{"line":44,"column":5}},"16":{"start":{"line":43,"column":6},"end":{"line":43,"column":53}},"17":{"start":{"line":46,"column":19},"end":{"line":50,"column":6}},"18":{"start":{"line":52,"column":4},"end":{"line":52,"column":31}},"19":{"start":{"line":56,"column":4},"end":{"line":74,"column":5}},"20":{"start":{"line":57,"column":22},"end":{"line":59,"column":null}},"21":{"start":{"line":62,"column":19},"end":{"line":62,"column":50}},"22":{"start":{"line":63,"column":6},"end":{"line":65,"column":7}},"23":{"start":{"line":64,"column":8},"end":{"line":64,"column":57}},"24":{"start":{"line":67,"column":6},"end":{"line":71,"column":9}},"25":{"start":{"line":73,"column":6},"end":{"line":73,"column":55}},"26":{"start":{"line":78,"column":25},"end":{"line":81,"column":null}},"27":{"start":{"line":84,"column":26},"end":{"line":87,"column":null}},"28":{"start":{"line":90,"column":4},"end":{"line":90,"column":41}},"29":{"start":{"line":12,"column":0},"end":{"line":12,"column":13}}},"fnMap":{"0":{"name":"(anonymous_1)","decl":{"start":{"line":13,"column":2},"end":{"line":13,"column":7}},"loc":{"start":{"line":13,"column":76},"end":{"line":32,"column":3}}},"1":{"name":"(anonymous_2)","decl":{"start":{"line":34,"column":2},"end":{"line":34,"column":7}},"loc":{"start":{"line":34,"column":45},"end":{"line":53,"column":3}}},"2":{"name":"(anonymous_3)","decl":{"start":{"line":55,"column":2},"end":{"line":55,"column":7}},"loc":{"start":{"line":55,"column":41},"end":{"line":75,"column":3}}},"3":{"name":"(anonymous_4)","decl":{"start":{"line":77,"column":10},"end":{"line":77,"column":24}},"loc":{"start":{"line":77,"column":46},"end":{"line":91,"column":3}}}},"branchMap":{"0":{"loc":{"start":{"line":15,"column":4},"end":{"line":17,"column":5}},"type":"if","locations":[{"start":{"line":15,"column":4},"end":{"line":17,"column":5}},{"start":{},"end":{}}]},"1":{"loc":{"start":{"line":37,"column":4},"end":{"line":39,"column":5}},"type":"if","locations":[{"start":{"line":37,"column":4},"end":{"line":39,"column":5}},{"start":{},"end":{}}]},"2":{"loc":{"start":{"line":37,"column":8},"end":{"line":37,"column":31}},"type":"binary-expr","locations":[{"start":{"line":37,"column":8},"end":{"line":37,"column":13}},{"start":{"line":37,"column":17},"end":{"line":37,"column":31}}]},"3":{"loc":{"start":{"line":42,"column":4},"end":{"line":44,"column":5}},"type":"if","locations":[{"start":{"line":42,"column":4},"end":{"line":44,"column":5}},{"start":{},"end":{}}]},"4":{"loc":{"start":{"line":63,"column":6},"end":{"line":65,"column":7}},"type":"if","locations":[{"start":{"line":63,"column":6},"end":{"line":65,"column":7}},{"start":{},"end":{}}]},"5":{"loc":{"start":{"line":63,"column":10},"end":{"line":63,"column":33}},"type":"binary-expr","locations":[{"start":{"line":63,"column":10},"end":{"line":63,"column":15}},{"start":{"line":63,"column":19},"end":{"line":63,"column":33}}]}},"s":{"0":1,"1":1,"2":1,"3":1,"4":0,"5":0,"6":0,"7":0,"8":0,"9":0,"10":0,"11":1,"12":1,"13":0,"14":1,"15":1,"16":0,"17":1,"18":1,"19":0,"20":0,"21":0,"22":0,"23":0,"24":0,"25":0,"26":1,"27":1,"28":1,"29":1},"f":{"0":0,"1":1,"2":0,"3":1},"b":{"0":[0,0],"1":[0,1],"2":[1,1],"3":[0,1],"4":[0,0],"5":[0,0]}}
,"C:\\Users\\tritr\\product-admin-system\\backend\\src\\modules\\categories\\category.model.ts": {"path":"C:\\Users\\tritr\\product-admin-system\\backend\\src\\modules\\categories\\category.model.ts","statementMap":{"0":{"start":{"line":1,"column":0},"end":{"line":1,"column":54}},"1":{"start":{"line":13,"column":23},"end":{"line":21,"column":null}},"2":{"start":{"line":24,"column":0},"end":{"line":24,"column":34}},"3":{"start":{"line":25,"column":0},"end":{"line":25,"column":38}},"4":{"start":{"line":27,"column":13},"end":{"line":27,"column":78}}},"fnMap":{},"branchMap":{},"s":{"0":1,"1":1,"2":1,"3":1,"4":1},"f":{},"b":{}}
,"C:\\Users\\tritr\\product-admin-system\\backend\\src\\modules\\categories\\category.routes.ts": {"path":"C:\\Users\\tritr\\product-admin-system\\backend\\src\\modules\\categories\\category.routes.ts","statementMap":{"0":{"start":{"line":1,"column":0},"end":{"line":1,"column":33}},"1":{"start":{"line":2,"column":0},"end":{"line":2,"column":44}},"2":{"start":{"line":3,"column":0},"end":{"line":3,"column":67}},"3":{"start":{"line":6,"column":15},"end":{"line":6,"column":23}},"4":{"start":{"line":8,"column":0},"end":{"line":8,"column":27}},"5":{"start":{"line":10,"column":0},"end":{"line":19,"column":3}},"6":{"start":{"line":11,"column":2},"end":{"line":18,"column":3}},"7":{"start":{"line":12,"column":23},"end":{"line":14,"column":6}},"8":{"start":{"line":15,"column":4},"end":{"line":15,"column":50}},"9":{"start":{"line":17,"column":4},"end":{"line":17,"column":16}},"10":{"start":{"line":21,"column":0},"end":{"line":28,"column":3}},"11":{"start":{"line":22,"column":2},"end":{"line":27,"column":3}},"12":{"start":{"line":23,"column":21},"end":{"line":23,"column":52}},"13":{"start":{"line":24,"column":4},"end":{"line":24,"column":60}},"14":{"start":{"line":26,"column":4},"end":{"line":26,"column":16}},"15":{"start":{"line":30,"column":0},"end":{"line":30,"column":22}}},"fnMap":{"0":{"name":"(anonymous_0)","decl":{"start":{"line":10,"column":16},"end":{"line":10,"column":21}},"loc":{"start":{"line":10,"column":75},"end":{"line":19,"column":1}}},"1":{"name":"(anonymous_1)","decl":{"start":{"line":21,"column":17},"end":{"line":21,"column":22}},"loc":{"start":{"line":21,"column":75},"end":{"line":28,"column":1}}}},"branchMap":{},"s":{"0":1,"1":1,"2":1,"3":1,"4":1,"5":1,"6":0,"7":0,"8":0,"9":0,"10":1,"11":0,"12":0,"13":0,"14":0,"15":1},"f":{"0":0,"1":0},"b":{}}
,"C:\\Users\\tritr\\product-admin-system\\backend\\src\\modules\\products\\product.controller.ts": {"path":"C:\\Users\\tritr\\product-admin-system\\backend\\src\\modules\\products\\product.controller.ts","statementMap":{"0":{"start":{"line":2,"column":0},"end":{"line":2,"column":51}},"1":{"start":{"line":3,"column":0},"end":{"line":3,"column":50}},"2":{"start":{"line":12,"column":2},"end":{"line":28,"column":4}},"3":{"start":{"line":13,"column":4},"end":{"line":27,"column":5}},"4":{"start":{"line":14,"column":21},"end":{"line":14,"column":33}},"5":{"start":{"line":15,"column":6},"end":{"line":17,"column":7}},"6":{"start":{"line":16,"column":8},"end":{"line":16,"column":50}},"7":{"start":{"line":18,"column":22},"end":{"line":18,"column":72}},"8":{"start":{"line":20,"column":6},"end":{"line":24,"column":9}},"9":{"start":{"line":26,"column":6},"end":{"line":26,"column":18}},"10":{"start":{"line":30,"column":2},"end":{"line":41,"column":4}},"11":{"start":{"line":31,"column":4},"end":{"line":40,"column":5}},"12":{"start":{"line":32,"column":21},"end":{"line":32,"column":65}},"13":{"start":{"line":34,"column":6},"end":{"line":37,"column":9}},"14":{"start":{"line":39,"column":6},"end":{"line":39,"column":18}},"15":{"start":{"line":43,"column":2},"end":{"line":56,"column":4}},"16":{"start":{"line":44,"column":4},"end":{"line":55,"column":5}},"17":{"start":{"line":45,"column":22},"end":{"line":45,"column":71}},"18":{"start":{"line":46,"column":6},"end":{"line":48,"column":7}},"19":{"start":{"line":47,"column":8},"end":{"line":47,"column":53}},"20":{"start":{"line":49,"column":6},"end":{"line":52,"column":9}},"21":{"start":{"line":54,"column":6},"end":{"line":54,"column":18}},"22":{"start":{"line":58,"column":2},"end":{"line":81,"column":4}},"23":{"start":{"line":59,"column":4},"end":{"line":80,"column":5}},"24":{"start":{"line":60,"column":21},"end":{"line":60,"column":33}},"25":{"start":{"line":61,"column":6},"end":{"line":63,"column":7}},"26":{"start":{"line":62,"column":8},"end":{"line":62,"column":50}},"27":{"start":{"line":64,"column":22},"end":{"line":67,"column":null}},"28":{"start":{"line":70,"column":6},"end":{"line":72,"column":7}},"29":{"start":{"line":71,"column":8},"end":{"line":71,"column":53}},"30":{"start":{"line":73,"column":6},"end":{"line":77,"column":9}},"31":{"start":{"line":79,"column":6},"end":{"line":79,"column":18}},"32":{"start":{"line":83,"column":2},"end":{"line":98,"column":4}},"33":{"start":{"line":84,"column":4},"end":{"line":97,"column":5}},"34":{"start":{"line":85,"column":22},"end":{"line":85,"column":69}},"35":{"start":{"line":87,"column":6},"end":{"line":89,"column":7}},"36":{"start":{"line":88,"column":8},"end":{"line":88,"column":53}},"37":{"start":{"line":91,"column":6},"end":{"line":94,"column":9}},"38":{"start":{"line":96,"column":6},"end":{"line":96,"column":18}},"39":{"start":{"line":100,"column":2},"end":{"line":112,"column":4}},"40":{"start":{"line":101,"column":4},"end":{"line":111,"column":5}},"41":{"start":{"line":102,"column":22},"end":{"line":102,"column":30}},"42":{"start":{"line":103,"column":27},"end":{"line":103,"column":68}},"43":{"start":{"line":105,"column":6},"end":{"line":108,"column":9}},"44":{"start":{"line":110,"column":6},"end":{"line":110,"column":18}},"45":{"start":{"line":114,"column":2},"end":{"line":125,"column":4}},"46":{"start":{"line":115,"column":4},"end":{"line":124,"column":5}},"47":{"start":{"line":116,"column":20},"end":{"line":116,"column":56}},"48":{"start":{"line":118,"column":6},"end":{"line":121,"column":9}},"49":{"start":{"line":123,"column":6},"end":{"line":123,"column":18}},"50":{"start":{"line":9,"column":4},"end":{"line":9,"column":47}},"51":{"start":{"line":5,"column":0},"end":{"line":5,"column":13}}},"fnMap":{"0":{"name":"(anonymous_0)","decl":{"start":{"line":8,"column":2},"end":{"line":8,"column":null}},"loc":{"start":{"line":8,"column":2},"end":{"line":10,"column":3}}},"1":{"name":"(anonymous_1)","decl":{"start":{"line":12,"column":11},"end":{"line":12,"column":16}},"loc":{"start":{"line":12,"column":69},"end":{"line":28,"column":3}}},"2":{"name":"(anonymous_2)","decl":{"start":{"line":30,"column":11},"end":{"line":30,"column":16}},"loc":{"start":{"line":30,"column":69},"end":{"line":41,"column":3}}},"3":{"name":"(anonymous_3)","decl":{"start":{"line":43,"column":12},"end":{"line":43,"column":17}},"loc":{"start":{"line":43,"column":70},"end":{"line":56,"column":3}}},"4":{"name":"(anonymous_4)","decl":{"start":{"line":58,"column":11},"end":{"line":58,"column":16}},"loc":{"start":{"line":58,"column":69},"end":{"line":81,"column":3}}},"5":{"name":"(anonymous_5)","decl":{"start":{"line":83,"column":11},"end":{"line":83,"column":16}},"loc":{"start":{"line":83,"column":69},"end":{"line":98,"column":3}}},"6":{"name":"(anonymous_6)","decl":{"start":{"line":100,"column":15},"end":{"line":100,"column":20}},"loc":{"start":{"line":100,"column":73},"end":{"line":112,"column":3}}},"7":{"name":"(anonymous_7)","decl":{"start":{"line":114,"column":13},"end":{"line":114,"column":18}},"loc":{"start":{"line":114,"column":72},"end":{"line":125,"column":3}}}},"branchMap":{"0":{"loc":{"start":{"line":15,"column":6},"end":{"line":17,"column":7}},"type":"if","locations":[{"start":{"line":15,"column":6},"end":{"line":17,"column":7}},{"start":{},"end":{}}]},"1":{"loc":{"start":{"line":46,"column":6},"end":{"line":48,"column":7}},"type":"if","locations":[{"start":{"line":46,"column":6},"end":{"line":48,"column":7}},{"start":{},"end":{}}]},"2":{"loc":{"start":{"line":61,"column":6},"end":{"line":63,"column":7}},"type":"if","locations":[{"start":{"line":61,"column":6},"end":{"line":63,"column":7}},{"start":{},"end":{}}]},"3":{"loc":{"start":{"line":70,"column":6},"end":{"line":72,"column":7}},"type":"if","locations":[{"start":{"line":70,"column":6},"end":{"line":72,"column":7}},{"start":{},"end":{}}]},"4":{"loc":{"start":{"line":87,"column":6},"end":{"line":89,"column":7}},"type":"if","locations":[{"start":{"line":87,"column":6},"end":{"line":89,"column":7}},{"start":{},"end":{}}]}},"s":{"0":1,"1":1,"2":1,"3":1,"4":1,"5":1,"6":0,"7":1,"8":1,"9":0,"10":1,"11":1,"12":1,"13":1,"14":0,"15":1,"16":0,"17":0,"18":0,"19":0,"20":0,"21":0,"22":1,"23":0,"24":0,"25":0,"26":0,"27":0,"28":0,"29":0,"30":0,"31":0,"32":1,"33":0,"34":0,"35":0,"36":0,"37":0,"38":0,"39":1,"40":0,"41":0,"42":0,"43":0,"44":0,"45":1,"46":0,"47":0,"48":0,"49":0,"50":1,"51":1},"f":{"0":1,"1":1,"2":1,"3":0,"4":0,"5":0,"6":0,"7":0},"b":{"0":[0,1],"1":[0,0],"2":[0,0],"3":[0,0],"4":[0,0]}}
,"C:\\Users\\tritr\\product-admin-system\\backend\\src\\modules\\products\\product.model.ts": {"path":"C:\\Users\\tritr\\product-admin-system\\backend\\src\\modules\\products\\product.model.ts","statementMap":{"0":{"start":{"line":1,"column":0},"end":{"line":1,"column":54}},"1":{"start":{"line":36,"column":22},"end":{"line":75,"column":null}},"2":{"start":{"line":79,"column":0},"end":{"line":79,"column":59}},"3":{"start":{"line":80,"column":0},"end":{"line":80,"column":50}},"4":{"start":{"line":81,"column":0},"end":{"line":81,"column":39}},"5":{"start":{"line":84,"column":0},"end":{"line":89,"column":3}},"6":{"start":{"line":85,"column":2},"end":{"line":87,"column":3}},"7":{"start":{"line":86,"column":4},"end":{"line":86,"column":62}},"8":{"start":{"line":88,"column":2},"end":{"line":88,"column":11}},"9":{"start":{"line":91,"column":13},"end":{"line":91,"column":74}}},"fnMap":{"0":{"name":"(anonymous_9)","decl":{"start":{"line":84,"column":42},"end":{"line":84,"column":null}},"loc":{"start":{"line":84,"column":42},"end":{"line":89,"column":1}}}},"branchMap":{"0":{"loc":{"start":{"line":85,"column":2},"end":{"line":87,"column":3}},"type":"if","locations":[{"start":{"line":85,"column":2},"end":{"line":87,"column":3}},{"start":{},"end":{}}]},"1":{"loc":{"start":{"line":85,"column":6},"end":{"line":85,"column":34}},"type":"binary-expr","locations":[{"start":{"line":85,"column":6},"end":{"line":85,"column":20}},{"start":{"line":85,"column":24},"end":{"line":85,"column":34}}]}},"s":{"0":2,"1":2,"2":2,"3":2,"4":2,"5":2,"6":1,"7":0,"8":1,"9":2},"f":{"0":1},"b":{"0":[0,1],"1":[1,0]}}
,"C:\\Users\\tritr\\product-admin-system\\backend\\src\\modules\\products\\product.routes.ts": {"path":"C:\\Users\\tritr\\product-admin-system\\backend\\src\\modules\\products\\product.routes.ts","statementMap":{"0":{"start":{"line":1,"column":0},"end":{"line":1,"column":33}},"1":{"start":{"line":2,"column":0},"end":{"line":2,"column":57}},"2":{"start":{"line":3,"column":0},"end":{"line":3,"column":67}},"3":{"start":{"line":4,"column":0},"end":{"line":4,"column":74}},"4":{"start":{"line":5,"column":0},"end":{"line":5,"column":57}},"5":{"start":{"line":7,"column":15},"end":{"line":7,"column":23}},"6":{"start":{"line":8,"column":26},"end":{"line":8,"column":49}},"7":{"start":{"line":10,"column":0},"end":{"line":10,"column":27}},"8":{"start":{"line":12,"column":0},"end":{"line":12,"column":49}},"9":{"start":{"line":13,"column":0},"end":{"line":13,"column":42}},"10":{"start":{"line":14,"column":0},"end":{"line":14,"column":46}},"11":{"start":{"line":16,"column":0},"end":{"line":20,"column":2}},"12":{"start":{"line":22,"column":0},"end":{"line":26,"column":2}},"13":{"start":{"line":28,"column":0},"end":{"line":28,"column":48}},"14":{"start":{"line":29,"column":0},"end":{"line":29,"column":58}},"15":{"start":{"line":31,"column":0},"end":{"line":31,"column":22}}},"fnMap":{},"branchMap":{},"s":{"0":1,"1":1,"2":1,"3":1,"4":1,"5":1,"6":1,"7":1,"8":1,"9":1,"10":1,"11":1,"12":1,"13":1,"14":1,"15":1},"f":{},"b":{}}
,"C:\\Users\\tritr\\product-admin-system\\backend\\src\\modules\\products\\product.service.ts": {"path":"C:\\Users\\tritr\\product-admin-system\\backend\\src\\modules\\products\\product.service.ts","statementMap":{"0":{"start":{"line":1,"column":0},"end":{"line":1,"column":52}},"1":{"start":{"line":17,"column":20},"end":{"line":21,"column":6}},"2":{"start":{"line":22,"column":4},"end":{"line":22,"column":32}},"3":{"start":{"line":36,"column":8},"end":{"line":36,"column":14}},"4":{"start":{"line":38,"column":23},"end":{"line":38,"column":25}},"5":{"start":{"line":41,"column":4},"end":{"line":43,"column":5}},"6":{"start":{"line":42,"column":6},"end":{"line":42,"column":40}},"7":{"start":{"line":46,"column":4},"end":{"line":46,"column":50}},"8":{"start":{"line":46,"column":20},"end":{"line":46,"column":50}},"9":{"start":{"line":47,"column":4},"end":{"line":47,"column":38}},"10":{"start":{"line":47,"column":16},"end":{"line":47,"column":38}},"11":{"start":{"line":49,"column":4},"end":{"line":53,"column":5}},"12":{"start":{"line":50,"column":6},"end":{"line":50,"column":23}},"13":{"start":{"line":51,"column":6},"end":{"line":51,"column":62}},"14":{"start":{"line":51,"column":34},"end":{"line":51,"column":62}},"15":{"start":{"line":52,"column":6},"end":{"line":52,"column":62}},"16":{"start":{"line":52,"column":34},"end":{"line":52,"column":62}},"17":{"start":{"line":56,"column":17},"end":{"line":56,"column":35}},"18":{"start":{"line":57,"column":22},"end":{"line":57,"column":64}},"19":{"start":{"line":59,"column":30},"end":{"line":68,"column":6}},"20":{"start":{"line":70,"column":4},"end":{"line":78,"column":6}},"21":{"start":{"line":82,"column":4},"end":{"line":84,"column":47}},"22":{"start":{"line":92,"column":4},"end":{"line":96,"column":6}},"23":{"start":{"line":100,"column":19},"end":{"line":100,"column":54}},"24":{"start":{"line":101,"column":4},"end":{"line":101,"column":20}},"25":{"start":{"line":105,"column":4},"end":{"line":109,"column":6}},"26":{"start":{"line":113,"column":19},"end":{"line":113,"column":66}},"27":{"start":{"line":114,"column":4},"end":{"line":114,"column":36}},"28":{"start":{"line":118,"column":18},"end":{"line":126,"column":6}},"29":{"start":{"line":128,"column":21},"end":{"line":128,"column":76}},"30":{"start":{"line":129,"column":23},"end":{"line":129,"column":68}},"31":{"start":{"line":131,"column":4},"end":{"line":135,"column":6}},"32":{"start":{"line":15,"column":0},"end":{"line":15,"column":13}}},"fnMap":{"0":{"name":"(anonymous_0)","decl":{"start":{"line":16,"column":2},"end":{"line":16,"column":7}},"loc":{"start":{"line":16,"column":54},"end":{"line":23,"column":3}}},"1":{"name":"(anonymous_1)","decl":{"start":{"line":25,"column":2},"end":{"line":25,"column":7}},"loc":{"start":{"line":25,"column":37},"end":{"line":79,"column":3}}},"2":{"name":"(anonymous_2)","decl":{"start":{"line":81,"column":2},"end":{"line":81,"column":7}},"loc":{"start":{"line":81,"column":27},"end":{"line":85,"column":3}}},"3":{"name":"(anonymous_3)","decl":{"start":{"line":87,"column":2},"end":{"line":87,"column":7}},"loc":{"start":{"line":90,"column":18},"end":{"line":97,"column":3}}},"4":{"name":"(anonymous_4)","decl":{"start":{"line":99,"column":2},"end":{"line":99,"column":7}},"loc":{"start":{"line":99,"column":25},"end":{"line":102,"column":3}}},"5":{"name":"(anonymous_5)","decl":{"start":{"line":104,"column":2},"end":{"line":104,"column":7}},"loc":{"start":{"line":104,"column":48},"end":{"line":110,"column":3}}},"6":{"name":"(anonymous_6)","decl":{"start":{"line":112,"column":2},"end":{"line":112,"column":7}},"loc":{"start":{"line":112,"column":32},"end":{"line":115,"column":3}}},"7":{"name":"(anonymous_7)","decl":{"start":{"line":117,"column":2},"end":{"line":117,"column":7}},"loc":{"start":{"line":117,"column":16},"end":{"line":136,"column":3}}}},"branchMap":{"0":{"loc":{"start":{"line":27,"column":6},"end":{"line":27,"column":14}},"type":"default-arg","locations":[{"start":{"line":27,"column":13},"end":{"line":27,"column":14}}]},"1":{"loc":{"start":{"line":28,"column":6},"end":{"line":28,"column":16}},"type":"default-arg","locations":[{"start":{"line":28,"column":14},"end":{"line":28,"column":16}}]},"2":{"loc":{"start":{"line":34,"column":6},"end":{"line":34,"column":26}},"type":"default-arg","locations":[{"start":{"line":34,"column":15},"end":{"line":34,"column":26}}]},"3":{"loc":{"start":{"line":35,"column":6},"end":{"line":35,"column":24}},"type":"default-arg","locations":[{"start":{"line":35,"column":18},"end":{"line":35,"column":24}}]},"4":{"loc":{"start":{"line":41,"column":4},"end":{"line":43,"column":5}},"type":"if","locations":[{"start":{"line":41,"column":4},"end":{"line":43,"column":5}},{"start":{},"end":{}}]},"5":{"loc":{"start":{"line":46,"column":4},"end":{"line":46,"column":50}},"type":"if","locations":[{"start":{"line":46,"column":4},"end":{"line":46,"column":50}},{"start":{},"end":{}}]},"6":{"loc":{"start":{"line":47,"column":4},"end":{"line":47,"column":38}},"type":"if","locations":[{"start":{"line":47,"column":4},"end":{"line":47,"column":38}},{"start":{},"end":{}}]},"7":{"loc":{"start":{"line":49,"column":4},"end":{"line":53,"column":5}},"type":"if","locations":[{"start":{"line":49,"column":4},"end":{"line":53,"column":5}},{"start":{},"end":{}}]},"8":{"loc":{"start":{"line":49,"column":8},"end":{"line":49,"column":56}},"type":"binary-expr","locations":[{"start":{"line":49,"column":8},"end":{"line":49,"column":30}},{"start":{"line":49,"column":34},"end":{"line":49,"column":56}}]},"9":{"loc":{"start":{"line":51,"column":6},"end":{"line":51,"column":62}},"type":"if","locations":[{"start":{"line":51,"column":6},"end":{"line":51,"column":62}},{"start":{},"end":{}}]},"10":{"loc":{"start":{"line":52,"column":6},"end":{"line":52,"column":62}},"type":"if","locations":[{"start":{"line":52,"column":6},"end":{"line":52,"column":62}},{"start":{},"end":{}}]},"11":{"loc":{"start":{"line":57,"column":34},"end":{"line":57,"column":62}},"type":"cond-expr","locations":[{"start":{"line":57,"column":56},"end":{"line":57,"column":57}},{"start":{"line":57,"column":60},"end":{"line":57,"column":62}}]},"12":{"loc":{"start":{"line":114,"column":11},"end":{"line":114,"column":35}},"type":"binary-expr","locations":[{"start":{"line":114,"column":11},"end":{"line":114,"column":30}},{"start":{"line":114,"column":34},"end":{"line":114,"column":35}}]}},"s":{"0":2,"1":2,"2":2,"3":2,"4":2,"5":2,"6":0,"7":2,"8":0,"9":2,"10":0,"11":2,"12":0,"13":0,"14":0,"15":0,"16":0,"17":2,"18":2,"19":2,"20":2,"21":0,"22":0,"23":0,"24":0,"25":0,"26":0,"27":0,"28":0,"29":0,"30":0,"31":0,"32":2},"f":{"0":2,"1":2,"2":0,"3":0,"4":0,"5":0,"6":0,"7":0},"b":{"0":[1],"1":[1],"2":[2],"3":[2],"4":[0,2],"5":[0,2],"6":[0,2],"7":[0,2],"8":[2,2],"9":[0,0],"10":[0,0],"11":[0,2],"12":[0,0]}}
,"C:\\Users\\tritr\\product-admin-system\\backend\\src\\modules\\products\\product.validation.ts": {"path":"C:\\Users\\tritr\\product-admin-system\\backend\\src\\modules\\products\\product.validation.ts","statementMap":{"0":{"start":{"line":1,"column":0},"end":{"line":1,"column":22}},"1":{"start":{"line":3,"column":13},"end":{"line":63,"column":2}}},"fnMap":{},"branchMap":{},"s":{"0":1,"1":1},"f":{},"b":{}}
,"C:\\Users\\tritr\\product-admin-system\\backend\\src\\modules\\users\\user.model.ts": {"path":"C:\\Users\\tritr\\product-admin-system\\backend\\src\\modules\\users\\user.model.ts","statementMap":{"0":{"start":{"line":1,"column":0},"end":{"line":1,"column":54}},"1":{"start":{"line":14,"column":19},"end":{"line":22,"column":null}},"2":{"start":{"line":25,"column":13},"end":{"line":25,"column":62}}},"fnMap":{},"branchMap":{},"s":{"0":1,"1":1,"2":1},"f":{},"b":{}}
,"C:\\Users\\tritr\\product-admin-system\\backend\\src\\utils\\error.util.ts": {"path":"C:\\Users\\tritr\\product-admin-system\\backend\\src\\utils\\error.util.ts","statementMap":{"0":{"start":{"line":6,"column":4},"end":{"line":6,"column":19}},"1":{"start":{"line":7,"column":4},"end":{"line":7,"column":33}},"2":{"start":{"line":8,"column":4},"end":{"line":8,"column":30}},"3":{"start":{"line":9,"column":4},"end":{"line":9,"column":52}},"4":{"start":{"line":1,"column":0},"end":{"line":1,"column":13}}},"fnMap":{"0":{"name":"(anonymous_0)","decl":{"start":{"line":5,"column":2},"end":{"line":5,"column":14}},"loc":{"start":{"line":5,"column":55},"end":{"line":10,"column":3}}}},"branchMap":{"0":{"loc":{"start":{"line":5,"column":31},"end":{"line":5,"column":55}},"type":"default-arg","locations":[{"start":{"line":5,"column":52},"end":{"line":5,"column":55}}]}},"s":{"0":1,"1":1,"2":1,"3":1,"4":1},"f":{"0":1},"b":{"0":[0]}}
}
